# JRE version: OpenJDK Runtime Environment Corretto-17.0.4.9.1 (17.0.4.1+9) (build 17.0.4.1+9-LTS)
# Java VM: OpenJDK 64-Bit Server VM Corretto-17.0.4.9.1 (17.0.4.1+9-LTS, mixed mode, sharing, tiered, compressed oops, compressed class ptrs, g1 gc, windows-amd64)
GC Precious Log:
 CPUs: 8 total, 8 available
 Memory: 16281M
 Large Page Support: Disabled
 NUMA Support: Disabled
 Compressed Oops: Enabled (Zero based)
 Heap Region Size: 2M
 Heap Min Capacity: 8M
 Heap Initial Capacity: 256M
 Heap Max Capacity: 4072M
 Pre-touch: Disabled
 Parallel Workers: 8
 Concurrent Workers: 2
 Concurrent Refinement Workers: 8
 Periodic GC: Disabled
Heap:
 garbage-first heap   total 245760K, used 152534K [0x0000000701800000, 0x0000000800000000)
  region size 2048K, 33 young (67584K), 5 survivors (10240K)
 Metaspace       used 31527K, committed 32384K, reserved 1081344K
  class space    used 3855K, committed 4224K, reserved 1048576K
GC Heap History (20 events):
Event: 9.304 GC heap before
{Heap before GC invocations=6 (full 0):
 garbage-first heap   total 262144K, used 137473K [0x0000000701800000, 0x0000000800000000)
  region size 2048K, 45 young (92160K), 10 survivors (20480K)
 Metaspace       used 21200K, committed 21504K, reserved 1073152K
  class space    used 2566K, committed 2688K, reserved 1048576K
}
Event: 9.318 GC heap after
{Heap after GC invocations=7 (full 0):
 garbage-first heap   total 262144K, used 68616K [0x0000000701800000, 0x0000000800000000)
  region size 2048K, 7 young (14336K), 7 survivors (14336K)
 Metaspace       used 21200K, committed 21504K, reserved 1073152K
  class space    used 2566K, committed 2688K, reserved 1048576K
}
Event: 9.955 GC heap before
{Heap before GC invocations=8 (full 0):
 garbage-first heap   total 245760K, used 181256K [0x0000000701800000, 0x0000000800000000)
  region size 2048K, 62 young (126976K), 7 survivors (14336K)
 Metaspace       used 25658K, committed 26304K, reserved 1073152K
  class space    used 3146K, committed 3456K, reserved 1048576K
}
Event: 9.967 GC heap after
{Heap after GC invocations=9 (full 0):
 garbage-first heap   total 245760K, used 80361K [0x0000000701800000, 0x0000000800000000)
  region size 2048K, 6 young (12288K), 6 survivors (12288K)
 Metaspace       used 25658K, committed 26304K, reserved 1073152K
  class space    used 3146K, committed 3456K, reserved 1048576K
}
Event: 9.974 GC heap before
{Heap before GC invocations=9 (full 0):
 garbage-first heap   total 245760K, used 80361K [0x0000000701800000, 0x0000000800000000)
  region size 2048K, 7 young (14336K), 6 survivors (12288K)
 Metaspace       used 25769K, committed 26432K, reserved 1073152K
  class space    used 3160K, committed 3456K, reserved 1048576K
}
Event: 9.981 GC heap after
{Heap after GC invocations=10 (full 0):
 garbage-first heap   total 245760K, used 81920K [0x0000000701800000, 0x0000000800000000)
  region size 2048K, 1 young (2048K), 1 survivors (2048K)
 Metaspace       used 25769K, committed 26432K, reserved 1073152K
  class space    used 3160K, committed 3456K, reserved 1048576K
}
Event: 10.449 GC heap before
{Heap before GC invocations=10 (full 0):
 garbage-first heap   total 245760K, used 178176K [0x0000000701800000, 0x0000000800000000)
  region size 2048K, 48 young (98304K), 1 survivors (2048K)
 Metaspace       used 28029K, committed 28864K, reserved 1081344K
  class space    used 3424K, committed 3776K, reserved 1048576K
}
Event: 10.451 GC heap after
{Heap after GC invocations=11 (full 0):
 garbage-first heap   total 245760K, used 81920K [0x0000000701800000, 0x0000000800000000)
  region size 2048K, 1 young (2048K), 1 survivors (2048K)
 Metaspace       used 28029K, committed 28864K, reserved 1081344K
  class space    used 3424K, committed 3776K, reserved 1048576K
}
Event: 10.698 GC heap before
{Heap before GC invocations=11 (full 0):
 garbage-first heap   total 245760K, used 184320K [0x0000000701800000, 0x0000000800000000)
  region size 2048K, 51 young (104448K), 1 survivors (2048K)
 Metaspace       used 28052K, committed 28864K, reserved 1081344K
  class space    used 3426K, committed 3776K, reserved 1048576K
}
Event: 10.699 GC heap after
{Heap after GC invocations=12 (full 0):
 garbage-first heap   total 245760K, used 81845K [0x0000000701800000, 0x0000000800000000)
  region size 2048K, 1 young (2048K), 1 survivors (2048K)
 Metaspace       used 28052K, committed 28864K, reserved 1081344K
  class space    used 3426K, committed 3776K, reserved 1048576K
}
Event: 11.069 GC heap before
{Heap before GC invocations=12 (full 0):
 garbage-first heap   total 245760K, used 190389K [0x0000000701800000, 0x0000000800000000)
  region size 2048K, 54 young (110592K), 1 survivors (2048K)
 Metaspace       used 28058K, committed 28864K, reserved 1081344K
  class space    used 3427K, committed 3776K, reserved 1048576K
}
Event: 11.071 GC heap after
{Heap after GC invocations=13 (full 0):
 garbage-first heap   total 245760K, used 82636K [0x0000000701800000, 0x0000000800000000)
  region size 2048K, 2 young (4096K), 2 survivors (4096K)
 Metaspace       used 28058K, committed 28864K, reserved 1081344K
  class space    used 3427K, committed 3776K, reserved 1048576K
}
Event: 11.594 GC heap before
{Heap before GC invocations=13 (full 0):
 garbage-first heap   total 245760K, used 191180K [0x0000000701800000, 0x0000000800000000)
  region size 2048K, 56 young (114688K), 2 survivors (4096K)
 Metaspace       used 28067K, committed 28864K, reserved 1081344K
  class space    used 3427K, committed 3776K, reserved 1048576K
}
Event: 11.596 GC heap after
{Heap after GC invocations=14 (full 0):
 garbage-first heap   total 245760K, used 83035K [0x0000000701800000, 0x0000000800000000)
  region size 2048K, 2 young (4096K), 2 survivors (4096K)
 Metaspace       used 28067K, committed 28864K, reserved 1081344K
  class space    used 3427K, committed 3776K, reserved 1048576K
}
Event: 12.061 GC heap before
{Heap before GC invocations=14 (full 0):
 garbage-first heap   total 245760K, used 197723K [0x0000000701800000, 0x0000000800000000)
  region size 2048K, 58 young (118784K), 2 survivors (4096K)
 Metaspace       used 28943K, committed 29696K, reserved 1081344K
  class space    used 3537K, committed 3840K, reserved 1048576K
}
Event: 12.067 GC heap after
{Heap after GC invocations=15 (full 0):
 garbage-first heap   total 245760K, used 89184K [0x0000000701800000, 0x0000000800000000)
  region size 2048K, 5 young (10240K), 5 survivors (10240K)
 Metaspace       used 28943K, committed 29696K, reserved 1081344K
  class space    used 3537K, committed 3840K, reserved 1048576K
}
Event: 12.254 GC heap before
{Heap before GC invocations=15 (full 0):
 garbage-first heap   total 245760K, used 197728K [0x0000000701800000, 0x0000000800000000)
  region size 2048K, 58 young (118784K), 5 survivors (10240K)
 Metaspace       used 28957K, committed 29760K, reserved 1081344K
  class space    used 3537K, committed 3840K, reserved 1048576K
}
Event: 12.261 GC heap after
{Heap after GC invocations=16 (full 0):
 garbage-first heap   total 245760K, used 93806K [0x0000000701800000, 0x0000000800000000)
  region size 2048K, 7 young (14336K), 7 survivors (14336K)
 Metaspace       used 28957K, committed 29760K, reserved 1081344K
  class space    used 3537K, committed 3840K, reserved 1048576K
}
Event: 12.723 GC heap before
{Heap before GC invocations=16 (full 0):
 garbage-first heap   total 245760K, used 198254K [0x0000000701800000, 0x0000000800000000)
  region size 2048K, 58 young (118784K), 7 survivors (14336K)
 Metaspace       used 29718K, committed 30528K, reserved 1081344K
  class space    used 3606K, committed 3968K, reserved 1048576K
}
Event: 12.730 GC heap after
{Heap after GC invocations=17 (full 0):
 garbage-first heap   total 245760K, used 97238K [0x0000000701800000, 0x0000000800000000)
  region size 2048K, 5 young (10240K), 5 survivors (10240K)
 Metaspace       used 29718K, committed 30528K, reserved 1081344K
  class space    used 3606K, committed 3968K, reserved 1048576K
}

